[INFO]	2023-05-20T07:22:42.703021413 <Logger>: New logger thread has been created.
[INFO]	2023-05-20T07:22:47.923862133 <Logger>: New logger thread has been created.
[INFO]	2023-05-20T07:25:33.818287514 <Logger>: New logger thread has been created.
[INFO]	2023-05-20T07:26:16.385337044 <Logger>: New logger thread has been created.
[INFO]	2023-05-20T07:27:24.856708643 <Logger>: New logger thread has been created.
[INFO]	2023-05-20T07:28:30.309639832 <Logger>: New logger thread has been created.
[INFO]	2023-05-20T07:32:43.179662893 <Logger>: New logger thread has been created.
[INFO]	2023-05-20T07:32:54.942571943 <Logger>: New logger thread has been created.
[INFO]	2023-05-20T07:43:04.810091648 <Logger>: New logger thread has been created.
[INFO]	2023-05-20T07:43:14.703677884 <Logger>: New logger thread has been created.
[INFO]	2023-05-20T07:43:45.970074656 <Logger>: New logger thread has been created.
[INFO]	2023-05-20T07:44:03.824676748 <Logger>: New logger thread has been created.
[INFO]	2023-05-20T07:50:29.809123226 <Logger>: New logger thread has been created.
[INFO]	2023-05-20T07:51:03.318227488 <Logger>: New logger thread has been created.
[INFO]	2023-05-20T07:51:43.916632579 <Logger>: New logger thread has been created.
[INFO]	2023-05-20T07:52:18.332482592 <Logger>: New logger thread has been created.
[INFO]	2023-05-20T07:54:32.672666028 <Logger>: New logger thread has been created.
[INFO]	2023-05-20T07:54:51.619105195 <Logger>: New logger thread has been created.
[INFO]	2023-05-20T07:59:22.019762344 <Logger>: New logger thread has been created.
[INFO]	2023-05-20T07:59:50.404725119 <Logger>: New logger thread has been created.
[INFO]	2023-05-20T07:59:54.554838428 <Logger>: New logger thread has been created.
[INFO]	2023-05-20T08:04:11.092583291 <Logger>: New logger thread has been created.
[INFO]	2023-05-20T08:04:40.402288363 <Logger>: New logger thread has been created.
[INFO]	2023-05-20T08:10:09.886264910 <Logger>: New logger thread has been created.
[INFO]	2023-05-20T08:10:23.367781844 <Logger>: New logger thread has been created.
[INFO]	2023-05-20T08:10:55.249206325 <Logger>: New logger thread has been created.
[INFO]	2023-05-20T08:11:35.617145759 <Logger>: New logger thread has been created.
[INFO]	2023-05-20T08:12:13.085398305 <Logger>: New logger thread has been created.
[INFO]	2023-05-20T08:13:00.056652726 <Logger>: New logger thread has been created.
[INFO]	2023-05-20T10:58:33.837428074 <Logger>: New logger thread has been created.
[INFO]	2023-05-20T10:59:07.257780028 <Logger>: New logger thread has been created.
[INFO]	2023-05-20T10:59:13.711791563 <Logger>: New logger thread has been created.
[INFO]	2023-05-20T11:00:00.631954857 <Logger>: New logger thread has been created.
[INFO]	2023-05-20T11:00:56.228445799 <Logger>: New logger thread has been created.
[INFO]	2023-05-20T11:02:06.744085876 <Logger>: New logger thread has been created.
[INFO]	2023-05-20T11:02:28.141118612 <Logger>: New logger thread has been created.
[INFO]	2023-05-20T11:04:46.477318982 <Logger>: New logger thread has been created.
[INFO]	2023-05-20T11:05:03.567999682 <Logger>: New logger thread has been created.
[INFO]	2023-05-20T11:06:13.597928535 <Logger>: New logger thread has been created.
[INFO]	2023-05-20T11:06:24.484018257 <Logger>: New logger thread has been created.
[INFO]	2023-05-20T11:07:18.007288748 <Logger>: New logger thread has been created.
[INFO]	2023-05-20T11:08:31.163760556 <Logger>: New logger thread has been created.
[INFO]	2023-05-20T11:08:37.760339064 <Logger>: New logger thread has been created.
[INFO]	2023-05-20T11:42:38.955484256 <Logger>: New logger thread has been created.
[INFO]	2023-05-20T11:44:05.603218928 <Logger>: New logger thread has been created.
[INFO]	2023-05-20T11:45:31.675561373 <Logger>: New logger thread has been created.
[INFO]	2023-05-20T11:46:07.566618757 <Logger>: New logger thread has been created.
[INFO]	2023-05-20T11:48:39.891638694 <Logger>: New logger thread has been created.
[INFO]	2023-05-20T11:48:56.186459190 <Logger>: New logger thread has been created.
[INFO]	2023-05-20T11:50:18.265714836 <Logger>: New logger thread has been created.
[INFO]	2023-05-20T11:51:48.608860892 <Logger>: New logger thread has been created.
[INFO]	2023-05-20T12:10:41.713559773 <Logger>: New logger thread has been created.
[INFO]	2023-05-20T12:11:47.597132756 <Logger>: New logger thread has been created.
[INFO]	2023-05-20T12:54:57.780483105 <Logger>: New logger thread has been created.
[INFO]	2023-05-20T12:55:13.215601780 <Logger>: New logger thread has been created.
[INFO]	2023-05-20T12:59:45.072983404 <Logger>: New logger thread has been created.
[INFO]	2023-05-20T13:00:37.318434805 <Logger>: New logger thread has been created.
[INFO]	2023-05-20T13:03:11.424417697 <Logger>: New logger thread has been created.
[INFO]	2023-05-20T13:04:57.635126594 <Logger>: New logger thread has been created.
[INFO]	2023-05-20T13:08:39.943699091 <Logger>: New logger thread has been created.
[INFO]	2023-05-20T13:08:49.062679915 <Logger>: New logger thread has been created.
[INFO]	2023-05-20T13:11:02.982641485 <Logger>: New logger thread has been created.
[INFO]	2023-05-20T13:11:40.060404060 <Logger>: New logger thread has been created.
[INFO]	2023-05-20T13:16:32.637799530 <Logger>: New logger thread has been created.
[INFO]	2023-05-20T13:16:52.346197756 <Logger>: New logger thread has been created.
[INFO]	2023-05-20T13:17:55.318154553 <Logger>: New logger thread has been created.
[INFO]	2023-05-20T13:18:22.543598686 <Logger>: New logger thread has been created.
[INFO]	2023-05-20T13:28:31.694694973 <Logger>: New logger thread has been created.
[INFO]	2023-05-20T13:28:58.066443515 <Logger>: New logger thread has been created.
[INFO]	2023-05-20T13:29:11.572841262 <Logger>: New logger thread has been created.
[INFO]	2023-05-20T13:29:20.905872440 <Logger>: New logger thread has been created.
[INFO]	2023-05-20T13:30:30.434608636 <Logger>: New logger thread has been created.
[INFO]	2023-05-20T13:30:51.768583458 <Logger>: New logger thread has been created.
[INFO]	2023-05-20T13:32:47.970451034 <Logger>: New logger thread has been created.
[INFO]	2023-05-20T13:33:23.986249762 <Logger>: New logger thread has been created.
[INFO]	2023-05-20T13:34:54.648070059 <Logger>: New logger thread has been created.
[INFO]	2023-05-20T13:35:25.418577955 <Logger>: New logger thread has been created.
[INFO]	2023-05-20T13:37:12.249601106 <Logger>: New logger thread has been created.
[INFO]	2023-05-20T13:37:37.287810232 <Logger>: New logger thread has been created.
[INFO]	2023-05-20T13:39:04.679167991 <Logger>: New logger thread has been created.
[INFO]	2023-05-20T13:39:36.108962175 <Logger>: New logger thread has been created.
[INFO]	2023-05-20T13:43:40.116343226 <Logger>: New logger thread has been created.
[INFO]	2023-05-20T13:44:02.210176198 <Logger>: New logger thread has been created.
[INFO]	2023-05-20T13:44:37.483579625 <Logger>: New logger thread has been created.
[INFO]	2023-05-20T13:44:47.897530812 <Logger>: New logger thread has been created.
[INFO]	2023-05-20T13:45:24.956402071 <Logger>: New logger thread has been created.
[INFO]	2023-05-20T13:45:33.181727526 <Logger>: New logger thread has been created.
[INFO]	2023-05-20T13:49:34.731243549 <Logger>: New logger thread has been created.
[INFO]	2023-05-20T13:50:01.589903212 <Logger>: New logger thread has been created.
[INFO]	2023-05-20T13:50:14.142447118 <Logger>: New logger thread has been created.
[INFO]	2023-05-20T13:50:42.145455849 <Logger>: New logger thread has been created.
[INFO]	2023-05-20T13:51:53.607224233 <Logger>: New logger thread has been created.
[INFO]	2023-05-20T13:53:17.779002459 <Logger>: New logger thread has been created.
[INFO]	2023-05-20T13:57:09.276236918 <Logger>: New logger thread has been created.
[INFO]	2023-05-20T13:57:16.913048303 <Logger>: New logger thread has been created.
[INFO]	2023-05-20T13:58:00.887900549 <Logger>: New logger thread has been created.
[INFO]	2023-05-20T14:08:26.500273017 <Logger>: New logger thread has been created.
[INFO]	2023-05-20T14:08:39.190527346 <Logger>: New logger thread has been created.
[INFO]	2023-05-20T14:09:59.250648239 <Logger>: New logger thread has been created.
[INFO]	2023-05-20T14:10:29.230599019 <Logger>: New logger thread has been created.
[INFO]	2023-05-20T14:10:52.267662276 <Logger>: New logger thread has been created.
[INFO]	2023-05-20T14:11:24.955514790 <Logger>: New logger thread has been created.
[INFO]	2023-05-20T14:11:59.902606429 <Logger>: New logger thread has been created.
[INFO]	2023-05-20T14:12:21.584809681 <Logger>: New logger thread has been created.
[INFO]	2023-05-20T14:12:48.342108921 <Logger>: New logger thread has been created.
[INFO]	2023-05-20T15:25:49.473472875 <Logger>: New logger thread has been created.
[INFO]	2023-05-20T15:26:19.123202085 <Logger>: New logger thread has been created.
[INFO]	2023-05-20T15:26:24.403191850 <Logger>: New logger thread has been created.
[INFO]	2023-05-20T15:26:32.629474709 <Logger>: New logger thread has been created.
[INFO]	2023-05-20T15:26:36.921902663 <Logger>: New logger thread has been created.
[INFO]	2023-05-20T15:26:44.291279369 <Logger>: New logger thread has been created.
[INFO]	2023-05-20T15:27:14.004394521 <Logger>: New logger thread has been created.
[INFO]	2023-05-20T15:27:21.645984860 <Logger>: New logger thread has been created.
[INFO]	2023-05-20T15:29:39.945455954 <Logger>: New logger thread has been created.
[INFO]	2023-05-21T08:55:02.320823803 <Logger>: New logger thread has been created.
[INFO]	2023-05-21T08:55:44.788002288 <Logger>: New logger thread has been created.
[INFO]	2023-05-21T08:56:39.280897413 <Logger>: New logger thread has been created.
[INFO]	2023-05-21T09:03:14.856514694 <Logger>: New logger thread has been created.
[INFO]	2023-05-21T09:39:08.951411573 <Logger>: New logger thread has been created.
[INFO]	2023-05-21T09:39:32.952525172 <Logger>: New logger thread has been created.
[INFO]	2023-05-21T09:39:48.250945429 <Logger>: New logger thread has been created.
[INFO]	2023-05-21T09:41:16.822535728 <Logger>: New logger thread has been created.
[INFO]	2023-05-21T09:44:21.005894659 <Logger>: New logger thread has been created.
[INFO]	2023-05-21T09:44:26.842149264 <Logger>: New logger thread has been created.
[INFO]	2023-05-21T09:44:46.087080431 <Logger>: New logger thread has been created.
[INFO]	2023-05-21T09:44:53.442732871 <Logger>: New logger thread has been created.
[INFO]	2023-05-21T09:46:07.448621116 <Logger>: New logger thread has been created.
[INFO]	2023-05-21T09:46:54.934637050 <Logger>: New logger thread has been created.
[INFO]	2023-05-21T09:47:04.288896554 <Logger>: New logger thread has been created.
[INFO]	2023-05-21T09:47:31.238246425 <Logger>: New logger thread has been created.
[INFO]	2023-05-21T09:47:33.589307507 <Logger>: New logger thread has been created.
[INFO]	2023-05-21T09:47:42.459153926 <Logger>: New logger thread has been created.
[INFO]	2023-05-21T09:47:45.947103705 <Logger>: New logger thread has been created.
[INFO]	2023-05-21T09:48:35.607625747 <Logger>: New logger thread has been created.
[INFO]	2023-05-21T09:48:43.232437191 <Logger>: New logger thread has been created.
[INFO]	2023-05-21T10:56:24.318340253 <Logger>: New logger thread has been created.
[INFO]	2023-05-21T10:56:33.924582646 <Logger>: New logger thread has been created.
[INFO]	2023-05-21T10:56:51.599807736 <Logger>: New logger thread has been created.
[INFO]	2023-05-21T10:57:09.353204711 <Logger>: New logger thread has been created.
[INFO]	2023-05-21T10:57:40.361735242 <Logger>: New logger thread has been created.
[INFO]	2023-05-21T10:57:48.939754885 <Logger>: New logger thread has been created.
[INFO]	2023-05-21T11:09:07.425121972 <Logger>: New logger thread has been created.
[INFO]	2023-05-21T11:09:17.870697508 <Logger>: New logger thread has been created.
[INFO]	2023-05-21T11:09:37.815124975 <Logger>: New logger thread has been created.
[INFO]	2023-05-21T11:09:44.937144818 <Logger>: New logger thread has been created.
[INFO]	2023-05-21T11:09:46.612315405 <Logger>: New logger thread has been created.
[INFO]	2023-05-21T11:10:37.104828826 <Logger>: New logger thread has been created.
[INFO]	2023-05-21T11:10:41.123705785 <Logger>: New logger thread has been created.
[INFO]	2023-05-21T11:10:50.951892544 <Logger>: New logger thread has been created.
[INFO]	2023-05-21T11:11:09.586795838 <Logger>: New logger thread has been created.
[INFO]	2023-05-21T11:11:37.599206141 <Logger>: New logger thread has been created.
[INFO]	2023-05-21T11:11:45.982336713 <Logger>: New logger thread has been created.
[INFO]	2023-05-21T11:14:06.010939114 <Logger>: New logger thread has been created.
[INFO]	2023-05-21T11:14:21.316925300 <Logger>: New logger thread has been created.
[INFO]	2023-05-21T11:14:25.884428103 <Logger>: New logger thread has been created.
[INFO]	2023-05-21T11:14:48.637949700 <Logger>: New logger thread has been created.
[INFO]	2023-05-21T11:15:03.524206843 <Logger>: New logger thread has been created.
[INFO]	2023-05-21T11:15:30.892426923 <Logger>: New logger thread has been created.
[INFO]	2023-05-21T11:15:38.925278413 <Logger>: New logger thread has been created.
[INFO]	2023-05-21T11:16:10.281197836 <Logger>: New logger thread has been created.
[INFO]	2023-05-21T11:16:20.841980323 <Logger>: New logger thread has been created.
[INFO]	2023-05-21T11:16:31.625126295 <Logger>: New logger thread has been created.
[INFO]	2023-05-21T11:16:35.481983929 <EditSaveData>: Creating save data #1.
[INFO]	2023-05-21T11:16:36.597372376 <EditSaveData>: Creating save data #2.
[INFO]	2023-05-21T11:16:38.386165390 <EditSaveData>: Loading save data #1.
[INFO]	2023-05-21T11:16:39.157547181 <EditSaveData>: Loading template save data.
[INFO]	2023-05-21T11:16:46.071695327 <Logger>: New logger thread has been created.
[INFO]	2023-05-21T11:16:55.257250822 <Logger>: New logger thread has been created.
[INFO]	2023-05-21T11:16:59.347608180 <EditSaveData>: Loading save data #1.
[INFO]	2023-05-21T11:17:00.024224319 <Logger>: New logger thread has been created.
[INFO]	2023-05-21T11:17:24.248460303 <Logger>: New logger thread has been created.
[INFO]	2023-05-21T11:17:29.925727880 <Logger>: New logger thread has been created.
[INFO]	2023-05-21T11:17:33.138954839 <EditSaveData>: Loading save data #2.
[INFO]	2023-05-21T11:17:34.348838400 <EditSaveData>: Loading save data #1.
[INFO]	2023-05-21T11:17:35.296028663 <EditSaveData>: Loading template save data.
[INFO]	2023-05-21T11:17:37.193081391 <EditSaveData>: Loading save data #2.
[INFO]	2023-05-21T11:17:38.216338245 <Logger>: New logger thread has been created.
[INFO]	2023-05-21T11:18:54.580811831 <Logger>: New logger thread has been created.
[INFO]	2023-05-21T11:18:58.696732053 <Logger>: New logger thread has been created.
[INFO]	2023-05-21T11:19:01.766857084 <Logger>: New logger thread has been created.
[INFO]	2023-05-21T11:19:03.931685551 <EditSaveData>: Loading save data #1.
[INFO]	2023-05-21T11:19:04.799708399 <EditSaveData>: Loading save data #2.
[INFO]	2023-05-21T11:19:05.467555788 <Logger>: New logger thread has been created.
[INFO]	2023-05-21T11:19:11.514767282 <Logger>: New logger thread has been created.
[INFO]	2023-05-21T11:19:17.053901936 <Logger>: New logger thread has been created.
[INFO]	2023-05-21T11:19:28.880502910 <Logger>: New logger thread has been created.
[INFO]	2023-05-21T11:19:32.300345503 <EditSaveData>: Loading save data #1.
[INFO]	2023-05-21T11:19:34.529703731 <EditSaveData>: Loading template save data.
[INFO]	2023-05-21T11:19:36.108394071 <EditSaveData>: Loading save data #1.
[INFO]	2023-05-21T11:19:37.958375502 <EditSaveData>: Loading save data #1.
[INFO]	2023-05-21T11:19:39.059857103 <EditSaveData>: Loading template save data.
[INFO]	2023-05-21T11:19:40.363378657 <Logger>: New logger thread has been created.
[INFO]	2023-05-21T11:19:51.029493901 <Logger>: New logger thread has been created.
[INFO]	2023-05-21T11:20:03.203555798 <EditSaveData>: Loading template save data.
[INFO]	2023-05-21T11:20:06.445053741 <EditSaveData>: Creating save data #1.
[INFO]	2023-05-21T11:20:17.372153550 <Logger>: New logger thread has been created.
[INFO]	2023-05-21T11:20:26.006347856 <Logger>: New logger thread has been created.
[INFO]	2023-05-21T11:20:31.804772738 <Logger>: New logger thread has been created.
[INFO]	2023-05-21T11:20:36.194956661 <Logger>: New logger thread has been created.
[INFO]	2023-05-21T11:20:54.410197129 <Logger>: New logger thread has been created.
[INFO]	2023-05-21T11:21:05.675283043 <Logger>: New logger thread has been created.
[INFO]	2023-05-21T11:21:09.960860724 <EditSaveData>: Loading save data #1.
[INFO]	2023-05-21T11:21:10.716524209 <EditSaveData>: Loading save data #2.
[INFO]	2023-05-21T11:21:11.748315317 <EditSaveData>: Loading save data #3.
[INFO]	2023-05-21T11:21:18.622023849 <EditSaveData>: Loading save data #2.
[INFO]	2023-05-21T11:21:20.989856804 <EditSaveData>: Loading save data #1.
[INFO]	2023-05-21T11:21:23.356571354 <EditSaveData>: Loading template save data.
[INFO]	2023-05-21T11:21:26.444142069 <Logger>: New logger thread has been created.
[INFO]	2023-05-21T11:21:34.755156150 <Logger>: New logger thread has been created.
[INFO]	2023-05-21T11:21:43.541910250 <EditSaveData>: Creating save data #1.
[INFO]	2023-05-21T11:21:45.405191519 <Logger>: New logger thread has been created.
[INFO]	2023-05-21T11:22:33.495135056 <Logger>: New logger thread has been created.
[INFO]	2023-05-21T11:22:43.338352529 <Logger>: New logger thread has been created.
[INFO]	2023-05-21T11:22:45.566838029 <EditSaveData>: Loading save data #1.
[INFO]	2023-05-21T11:22:46.442854053 <EditSaveData>: Loading template save data.
[INFO]	2023-05-21T11:22:47.069708435 <Logger>: New logger thread has been created.
[INFO]	2023-05-21T11:23:01.177428977 <Logger>: New logger thread has been created.
[INFO]	2023-05-21T11:23:08.651894281 <Logger>: New logger thread has been created.
[INFO]	2023-05-21T11:23:12.068496540 <Logger>: New logger thread has been created.
[INFO]	2023-05-21T11:24:00.685348286 <Logger>: New logger thread has been created.
[INFO]	2023-05-21T11:24:07.352372047 <EditSaveData>: Creating save data #1.
[INFO]	2023-05-21T11:24:18.589336047 <Logger>: New logger thread has been created.
[INFO]	2023-05-21T11:24:36.453598316 <Logger>: New logger thread has been created.
[INFO]	2023-05-21T11:29:11.840850108 <Logger>: New logger thread has been created.
[INFO]	2023-05-21T11:29:14.704016786 <EditSaveData>: Loading save data #1.
[INFO]	2023-05-21T11:29:15.822129285 <EditSaveData>: Loading save data #2.
[INFO]	2023-05-21T11:29:18.875975655 <EditSaveData>: Loading save data #1.
[INFO]	2023-05-21T11:29:41.355963137 <EditSaveData>: Loading template save data.
[INFO]	2023-05-21T11:29:44.009821207 <Logger>: New logger thread has been created.
[INFO]	2023-05-21T11:30:31.894860218 <Logger>: New logger thread has been created.
[INFO]	2023-05-21T11:30:39.881697526 <EditSaveData>: Loading save data #1.
[INFO]	2023-05-21T11:30:41.195599575 <EditSaveData>: Loading template save data.
[INFO]	2023-05-21T11:30:44.856850436 <EditSaveData>: Loading template save data.
[INFO]	2023-05-21T11:30:46.319480077 <EditSaveData>: Loading save data #1.
[INFO]	2023-05-21T11:30:51.498151275 <Logger>: New logger thread has been created.
[INFO]	2023-05-21T11:31:24.969454474 <Logger>: New logger thread has been created.
[INFO]	2023-05-21T11:32:30.658609959 <Logger>: New logger thread has been created.
[INFO]	2023-05-21T11:32:33.484361094 <EditSaveData>: Creating save data #1.
[INFO]	2023-05-21T11:32:36.015135372 <Logger>: New logger thread has been created.
[INFO]	2023-05-21T11:32:47.392556887 <Logger>: New logger thread has been created.
[INFO]	2023-05-21T11:32:51.089727143 <EditSaveData>: Loading save data #2.
[INFO]	2023-05-21T11:32:51.988832935 <EditSaveData>: Loading template save data.
[INFO]	2023-05-21T11:32:52.680939347 <Logger>: New logger thread has been created.
[INFO]	2023-05-21T11:33:16.829705753 <Logger>: New logger thread has been created.
[INFO]	2023-05-21T11:46:02.649971699 <Logger>: New logger thread has been created.
[INFO]	2023-05-21T11:48:55.353682212 <Logger>: New logger thread has been created.
[INFO]	2023-05-21T11:49:03.645647520 <Logger>: New logger thread has been created.
[INFO]	2023-05-21T11:50:52.768358058 <Logger>: New logger thread has been created.
[INFO]	2023-05-21T11:51:00.175196894 <Logger>: New logger thread has been created.
[INFO]	2023-05-21T11:52:16.565476329 <Logger>: New logger thread has been created.
[INFO]	2023-05-21T11:52:45.925010285 <Logger>: New logger thread has been created.
[INFO]	2023-05-21T11:53:38.231251165 <Logger>: New logger thread has been created.
[INFO]	2023-05-21T11:53:50.741513701 <Logger>: New logger thread has been created.
[INFO]	2023-05-21T11:54:28.967993180 <Logger>: New logger thread has been created.
[INFO]	2023-05-21T11:54:33.892452470 <Logger>: New logger thread has been created.
[INFO]	2023-05-21T11:54:44.914120298 <Logger>: New logger thread has been created.
[INFO]	2023-05-21T11:54:49.894985347 <Logger>: New logger thread has been created.
[INFO]	2023-05-21T11:55:00.713636202 <Logger>: New logger thread has been created.
[INFO]	2023-05-21T11:55:03.021510376 <Logger>: New logger thread has been created.
[INFO]	2023-05-21T11:55:36.839839353 <Logger>: New logger thread has been created.
[INFO]	2023-05-21T11:55:48.711959998 <Logger>: New logger thread has been created.
[INFO]	2023-05-21T11:56:33.062955539 <Logger>: New logger thread has been created.
[INFO]	2023-05-21T11:56:39.038929340 <Logger>: New logger thread has been created.
[INFO]	2023-05-21T11:56:40.867585137 <Logger>: New logger thread has been created.
[INFO]	2023-05-21T12:09:48.925841439 <Logger>: New logger thread has been created.
[INFO]	2023-05-21T12:09:56.453556510 <Logger>: New logger thread has been created.
[INFO]	2023-05-21T12:12:42.004351052 <Logger>: New logger thread has been created.
[INFO]	2023-05-21T12:12:51.452063024 <Logger>: New logger thread has been created.
[INFO]	2023-05-21T12:14:38.046352194 <Logger>: New logger thread has been created.
[INFO]	2023-05-21T12:14:42.390082917 <Logger>: New logger thread has been created.
[INFO]	2023-05-21T12:16:20.699168125 <Logger>: New logger thread has been created.
[INFO]	2023-05-21T12:16:29.789351078 <Logger>: New logger thread has been created.
[INFO]	2023-05-21T12:16:32.031958376 <Logger>: New logger thread has been created.
[INFO]	2023-05-21T12:17:55.662088338 <Logger>: New logger thread has been created.
[INFO]	2023-05-21T12:18:46.796143665 <Logger>: New logger thread has been created.
[INFO]	2023-05-21T12:20:23.869573152 <Logger>: New logger thread has been created.
[INFO]	2023-05-21T12:20:31.368251334 <Logger>: New logger thread has been created.
[INFO]	2023-05-21T12:20:58.079831680 <Logger>: New logger thread has been created.
[INFO]	2023-05-21T12:21:02.636379380 <Logger>: New logger thread has been created.
[INFO]	2023-05-21T12:21:14.940860542 <Logger>: New logger thread has been created.
[INFO]	2023-05-21T12:21:19.750842485 <Logger>: New logger thread has been created.
[INFO]	2023-05-21T12:21:40.335575854 <Logger>: New logger thread has been created.
[INFO]	2023-05-21T12:23:03.713525484 <Logger>: New logger thread has been created.
[INFO]	2023-05-21T12:23:44.368021487 <Logger>: New logger thread has been created.
[INFO]	2023-05-21T12:25:40.349159950 <Logger>: New logger thread has been created.
[INFO]	2023-05-21T12:25:51.039818992 <Logger>: New logger thread has been created.
[INFO]	2023-05-21T12:25:59.591950006 <Logger>: New logger thread has been created.
[INFO]	2023-05-21T12:26:04.271652874 <Logger>: New logger thread has been created.
[INFO]	2023-05-21T12:26:38.437484551 <Logger>: New logger thread has been created.
[INFO]	2023-05-21T12:27:18.544971542 <Logger>: New logger thread has been created.
[INFO]	2023-05-21T12:27:28.472109778 <Logger>: New logger thread has been created.
[INFO]	2023-05-21T12:40:30.041445045 <Logger>: New logger thread has been created.
[INFO]	2023-05-21T12:40:57.617958197 <Logger>: New logger thread has been created.
[INFO]	2023-05-21T12:41:15.831878310 <Logger>: New logger thread has been created.
[INFO]	2023-05-21T12:42:01.834313505 <Logger>: New logger thread has been created.
[INFO]	2023-05-21T12:42:40.072269315 <Logger>: New logger thread has been created.
[INFO]	2023-05-21T12:43:46.944765260 <Logger>: New logger thread has been created.
[INFO]	2023-05-21T12:44:09.752606210 <Logger>: New logger thread has been created.
[INFO]	2023-05-21T12:59:56.840008703 <Logger>: New logger thread has been created.
[INFO]	2023-05-21T13:00:12.872689641 <Logger>: New logger thread has been created.
[INFO]	2023-05-21T13:01:57.745836549 <Logger>: New logger thread has been created.
[INFO]	2023-05-21T13:02:12.438258327 <Logger>: New logger thread has been created.
[INFO]	2023-05-21T13:06:22.275752663 <Logger>: New logger thread has been created.
[INFO]	2023-05-21T13:06:36.665092126 <Logger>: New logger thread has been created.
[INFO]	2023-05-21T13:06:59.420209358 <Logger>: New logger thread has been created.
[INFO]	2023-05-21T13:07:36.454733624 <Logger>: New logger thread has been created.
[INFO]	2023-05-21T13:07:54.916450378 <Logger>: New logger thread has been created.
[INFO]	2023-05-21T13:10:04.317130502 <Logger>: New logger thread has been created.
[INFO]	2023-05-21T13:10:32.456501518 <Logger>: New logger thread has been created.
[INFO]	2023-05-21T13:11:42.227537987 <Logger>: New logger thread has been created.
[INFO]	2023-05-21T13:12:09.479347586 <Logger>: New logger thread has been created.
[INFO]	2023-05-21T13:13:52.747986983 <Logger>: New logger thread has been created.
[INFO]	2023-05-21T13:14:04.648489083 <Logger>: New logger thread has been created.
[INFO]	2023-05-21T13:16:29.970593629 <Logger>: New logger thread has been created.
[INFO]	2023-05-21T13:16:57.426731432 <Logger>: New logger thread has been created.
[INFO]	2023-05-21T13:18:42.814327727 <Logger>: New logger thread has been created.
[INFO]	2023-05-21T13:18:58.222495389 <Logger>: New logger thread has been created.
[INFO]	2023-05-21T13:21:35.632130298 <Logger>: New logger thread has been created.
[INFO]	2023-05-21T13:21:56.914316538 <Logger>: New logger thread has been created.
[INFO]	2023-05-21T13:24:08.108348003 <Logger>: New logger thread has been created.
[INFO]	2023-05-21T13:24:27.241873836 <Logger>: New logger thread has been created.
[INFO]	2023-05-21T13:25:06.252001851 <Logger>: New logger thread has been created.
[INFO]	2023-05-21T13:25:22.447022603 <Logger>: New logger thread has been created.
[INFO]	2023-05-21T13:29:44.316032219 <Logger>: New logger thread has been created.
[INFO]	2023-05-21T13:30:42.375572158 <Logger>: New logger thread has been created.
[INFO]	2023-05-21T13:45:22.239903838 <Logger>: New logger thread has been created.
[INFO]	2023-05-21T13:46:00.560279068 <Logger>: New logger thread has been created.
[INFO]	2023-05-21T13:48:36.109885273 <Logger>: New logger thread has been created.
[INFO]	2023-05-21T13:48:44.613838517 <Logger>: New logger thread has been created.
[INFO]	2023-05-21T13:50:46.121841087 <Logger>: New logger thread has been created.
[INFO]	2023-05-21T13:51:22.947260724 <Logger>: New logger thread has been created.
[INFO]	2023-05-21T13:52:33.412660643 <Logger>: New logger thread has been created.
[INFO]	2023-05-21T13:53:02.522466688 <Logger>: New logger thread has been created.
[INFO]	2023-05-21T14:09:18.970470845 <Logger>: New logger thread has been created.
[INFO]	2023-05-21T14:13:21.053836843 <Logger>: New logger thread has been created.
[INFO]	2023-05-21T14:13:50.250938702 <Logger>: New logger thread has been created.
[INFO]	2023-05-21T14:21:35.777499645 <Logger>: New logger thread has been created.
[INFO]	2023-05-21T14:21:41.163913630 <Logger>: New logger thread has been created.
[INFO]	2023-05-21T14:21:48.212709005 <Logger>: New logger thread has been created.
[INFO]	2023-05-21T14:22:30.195412365 <Logger>: New logger thread has been created.
[INFO]	2023-05-21T14:22:43.029654352 <Logger>: New logger thread has been created.
[INFO]	2023-05-21T14:23:35.645197658 <Logger>: New logger thread has been created.
[INFO]	2023-05-21T14:23:50.365420408 <Logger>: New logger thread has been created.
[INFO]	2023-05-21T14:28:27.108338068 <Logger>: New logger thread has been created.
[INFO]	2023-05-21T14:28:43.741910521 <Logger>: New logger thread has been created.
[INFO]	2023-05-21T14:28:46.529460861 <Logger>: New logger thread has been created.
[INFO]	2023-05-21T14:28:57.131004436 <EditSaveData>: Loading save data #1.
[INFO]	2023-05-21T14:28:58.137905088 <EditSaveData>: Loading template save data.
[INFO]	2023-05-21T14:30:22.259727637 <Logger>: New logger thread has been created.
[INFO]	2023-05-21T14:30:53.593591691 <Logger>: New logger thread has been created.
[INFO]	2023-05-21T14:33:30.094619738 <Logger>: New logger thread has been created.
[INFO]	2023-05-21T14:33:41.119741724 <Logger>: New logger thread has been created.
[INFO]	2023-05-21T14:33:53.340846555 <Logger>: New logger thread has been created.
[INFO]	2023-05-21T14:34:05.420450055 <Logger>: New logger thread has been created.
[INFO]	2023-05-21T14:36:25.074154154 <Logger>: New logger thread has been created.
[INFO]	2023-05-21T14:36:31.081466952 <Logger>: New logger thread has been created.
[INFO]	2023-05-21T14:39:32.616843637 <Logger>: New logger thread has been created.
[INFO]	2023-05-21T14:39:52.324922850 <Logger>: New logger thread has been created.
[INFO]	2023-05-21T14:39:58.613720877 <EditSaveData>: Loading save data #1.
[INFO]	2023-05-21T14:40:04.236326580 <EditSaveData>: Loading template save data.
[INFO]	2023-05-21T14:40:05.523787146 <EditSaveData>: Loading save data #1.
[INFO]	2023-05-21T14:40:09.032278432 <EditSaveData>: Loading template save data.
[INFO]	2023-05-21T14:40:11.874188921 <Logger>: New logger thread has been created.
[INFO]	2023-05-21T14:40:27.043975431 <Logger>: New logger thread has been created.
[INFO]	2023-05-21T14:44:45.573595053 <Logger>: New logger thread has been created.
[INFO]	2023-05-21T14:45:10.611836829 <Logger>: New logger thread has been created.
[INFO]	2023-05-21T14:45:21.944814339 <Logger>: New logger thread has been created.
[INFO]	2023-05-21T16:16:43.169999596 <Logger>: New logger thread has been created.
[INFO]	2023-05-21T16:17:09.849630072 <Logger>: New logger thread has been created.
[INFO]	2023-05-21T16:17:58.028360189 <Logger>: New logger thread has been created.
[INFO]	2023-05-21T16:18:07.398522447 <Logger>: New logger thread has been created.
[INFO]	2023-05-21T16:18:09.642256584 <Logger>: New logger thread has been created.
[INFO]	2023-05-21T16:19:40.614302861 <Logger>: New logger thread has been created.
[INFO]	2023-05-21T16:19:55.973523100 <Logger>: New logger thread has been created.
[INFO]	2023-05-21T16:20:13.889337938 <Logger>: New logger thread has been created.
[INFO]	2023-05-21T16:20:22.521075118 <Logger>: New logger thread has been created.
[INFO]	2023-05-21T16:20:46.940061354 <Logger>: New logger thread has been created.
[INFO]	2023-05-21T16:21:02.974016086 <Logger>: New logger thread has been created.
[INFO]	2023-05-21T16:21:27.082891979 <Logger>: New logger thread has been created.
[INFO]	2023-05-21T16:22:10.303191245 <Logger>: New logger thread has been created.
[INFO]	2023-05-21T16:25:28.085676050 <Logger>: New logger thread has been created.
[INFO]	2023-05-21T16:25:51.999445368 <Logger>: New logger thread has been created.
[INFO]	2023-05-21T16:27:14.101958644 <Logger>: New logger thread has been created.
[INFO]	2023-05-21T16:27:29.037955072 <Logger>: New logger thread has been created.
[INFO]	2023-05-22T17:22:19.780656 <Logger>: New logger thread has been created.
[INFO]	2023-05-22T17:22:57.143155688 <Logger>: New logger thread has been created.
[INFO]	2023-05-22T17:23:10.419974203 <Logger>: New logger thread has been created.
[INFO]	2023-05-22T17:25:59.031688430 <Logger>: New logger thread has been created.
[INFO]	2023-05-22T17:26:08.859559102 <Logger>: New logger thread has been created.
[INFO]	2023-05-22T17:26:41.415472716 <Logger>: New logger thread has been created.
[INFO]	2023-05-22T17:27:01.957579472 <Logger>: New logger thread has been created.
[INFO]	2023-05-22T17:27:04.713546068 <Logger>: New logger thread has been created.
[INFO]	2023-05-22T17:27:08.168422967 <EditSaveData>: Loading save data #1.
[INFO]	2023-05-22T17:27:26.322785839 <Logger>: New logger thread has been created.
[INFO]	2023-05-22T17:27:34.620276887 <Logger>: New logger thread has been created.
[INFO]	2023-05-22T17:31:02.271749294 <Logger>: New logger thread has been created.
[INFO]	2023-05-22T17:31:25.076213995 <Logger>: New logger thread has been created.
[INFO]	2023-05-22T17:37:58.349935024 <Logger>: New logger thread has been created.
[INFO]	2023-05-22T17:38:08.590254019 <Logger>: New logger thread has been created.
[INFO]	2023-05-22T17:39:36.526174860 <Logger>: New logger thread has been created.
[INFO]	2023-05-22T17:39:57.225975767 <Logger>: New logger thread has been created.
[INFO]	2023-05-22T17:41:21.002360780 <Logger>: New logger thread has been created.
[INFO]	2023-05-22T17:41:46.436155274 <Logger>: New logger thread has been created.
[INFO]	2023-05-22T17:44:13.088333138 <Logger>: New logger thread has been created.
[INFO]	2023-05-22T17:44:24.436724351 <Logger>: New logger thread has been created.
[INFO]	2023-05-22T17:45:59.286401465 <Logger>: New logger thread has been created.
[INFO]	2023-05-22T17:46:23.970110822 <Logger>: New logger thread has been created.
[INFO]	2023-05-22T17:47:24.725478632 <Logger>: New logger thread has been created.
[INFO]	2023-05-22T17:47:49.989015323 <Logger>: New logger thread has been created.
[INFO]	2023-05-22T17:54:09.357544379 <Logger>: New logger thread has been created.
[INFO]	2023-05-22T17:54:17.990112846 <Logger>: New logger thread has been created.
[INFO]	2023-05-22T17:54:54.040387817 <Logger>: New logger thread has been created.
[INFO]	2023-05-22T17:55:01.181081769 <Logger>: New logger thread has been created.
[INFO]	2023-05-22T17:57:03.494079656 <Logger>: New logger thread has been created.
[INFO]	2023-05-22T17:57:26.672223202 <Logger>: New logger thread has been created.
[INFO]	2023-05-22T17:58:09.038420962 <Logger>: New logger thread has been created.
[INFO]	2023-05-22T17:58:20.252097126 <Logger>: New logger thread has been created.
[INFO]	2023-05-22T17:58:29.122600525 <Logger>: New logger thread has been created.
[INFO]	2023-05-22T17:58:55.925411990 <Logger>: New logger thread has been created.
[INFO]	2023-05-22T17:59:08.357836159 <Logger>: New logger thread has been created.
[INFO]	2023-05-22T17:59:49.535343506 <Logger>: New logger thread has been created.
[INFO]	2023-05-22T18:00:00.466143194 <Logger>: New logger thread has been created.
[INFO]	2023-05-22T18:00:39.577488680 <Logger>: New logger thread has been created.
[INFO]	2023-05-22T18:00:49.228765264 <Logger>: New logger thread has been created.
[INFO]	2023-05-22T18:01:10.588107587 <Logger>: New logger thread has been created.
[INFO]	2023-05-22T18:01:16.879786480 <Logger>: New logger thread has been created.
[INFO]	2023-05-22T18:01:52.403634257 <Logger>: New logger thread has been created.
[INFO]	2023-05-22T18:02:06.585352788 <Logger>: New logger thread has been created.
[INFO]	2023-05-22T18:04:40.454936317 <Logger>: New logger thread has been created.
[INFO]	2023-05-22T18:05:50.773750946 <Logger>: New logger thread has been created.
[INFO]	2023-05-22T18:06:08.613280957 <Logger>: New logger thread has been created.
[INFO]	2023-05-22T18:06:40.098250731 <Logger>: New logger thread has been created.
[INFO]	2023-05-22T18:07:02.296206316 <Logger>: New logger thread has been created.
[INFO]	2023-05-22T18:11:05.236996716 <Logger>: New logger thread has been created.
[INFO]	2023-05-22T18:11:10.622214160 <Logger>: New logger thread has been created.
[INFO]	2023-05-22T18:11:49.833244653 <Logger>: New logger thread has been created.
[INFO]	2023-05-22T18:11:58.737563694 <Logger>: New logger thread has been created.
[INFO]	2023-05-22T18:12:22.975045137 <Logger>: New logger thread has been created.
[INFO]	2023-05-22T18:12:35.595002206 <Logger>: New logger thread has been created.
[INFO]	2023-05-22T18:13:29.240891951 <Logger>: New logger thread has been created.
[INFO]	2023-05-22T18:13:36.480598558 <Logger>: New logger thread has been created.
[INFO]	2023-05-22T18:14:40.349486958 <Logger>: New logger thread has been created.
[INFO]	2023-05-22T18:14:49.916253589 <Logger>: New logger thread has been created.
[INFO]	2023-05-22T18:16:35.972513060 <Logger>: New logger thread has been created.
[INFO]	2023-05-22T18:17:07.318088139 <Logger>: New logger thread has been created.
[INFO]	2023-05-22T18:17:41.636697653 <Logger>: New logger thread has been created.
[INFO]	2023-05-22T18:17:59.956731863 <Logger>: New logger thread has been created.
[INFO]	2023-05-22T18:18:27.598316735 <Logger>: New logger thread has been created.
[INFO]	2023-05-22T18:18:35.165764752 <Logger>: New logger thread has been created.
[INFO]	2023-05-22T18:18:40.176050129 <Logger>: New logger thread has been created.
[INFO]	2023-05-22T18:18:47.441154556 <Logger>: New logger thread has been created.
[INFO]	2023-05-22T18:19:05.794395294 <Logger>: New logger thread has been created.
[INFO]	2023-05-22T18:19:14.653259549 <Logger>: New logger thread has been created.
[INFO]	2023-05-22T18:20:12.173602373 <Logger>: New logger thread has been created.
[INFO]	2023-05-22T18:20:21.561138023 <Logger>: New logger thread has been created.
[INFO]	2023-05-22T18:20:59.846160187 <Logger>: New logger thread has been created.
[INFO]	2023-05-22T18:21:17.905483900 <Logger>: New logger thread has been created.
[INFO]	2023-05-22T18:22:07.021875264 <Logger>: New logger thread has been created.
[INFO]	2023-05-22T18:22:34.483580279 <Logger>: New logger thread has been created.
[INFO]	2023-05-22T18:24:48.134627261 <Logger>: New logger thread has been created.
[INFO]	2023-05-22T18:24:51.021230476 <Logger>: New logger thread has been created.
[INFO]	2023-05-22T18:25:07.100010284 <Logger>: New logger thread has been created.
[INFO]	2023-05-22T18:26:26.298745442 <Logger>: New logger thread has been created.
[INFO]	2023-05-22T18:26:42.634222266 <Logger>: New logger thread has been created.
[INFO]	2023-05-22T18:28:02.531848655 <Logger>: New logger thread has been created.
[INFO]	2023-05-22T18:28:26.520702494 <Logger>: New logger thread has been created.
[INFO]	2023-05-22T19:19:31.980190937 <Logger>: New logger thread has been created.
[INFO]	2023-05-22T19:19:42.445854664 <Logger>: New logger thread has been created.
[INFO]	2023-05-22T19:20:57.626979802 <Logger>: New logger thread has been created.
[INFO]	2023-05-22T19:22:27.294910770 <Logger>: New logger thread has been created.
[INFO]	2023-05-22T19:23:23.031216400 <Logger>: New logger thread has been created.
[INFO]	2023-05-22T19:24:10.384523686 <Logger>: New logger thread has been created.
[INFO]	2023-05-22T19:26:02.266209194 <Logger>: New logger thread has been created.
[INFO]	2023-05-22T19:26:31.331784346 <Logger>: New logger thread has been created.
[INFO]	2023-05-22T19:27:28.965756597 <Logger>: New logger thread has been created.
[INFO]	2023-05-22T19:27:58.460179152 <Logger>: New logger thread has been created.
[INFO]	2023-05-22T19:29:12.796094822 <Logger>: New logger thread has been created.
[INFO]	2023-05-22T19:29:33.281550341 <Logger>: New logger thread has been created.
[INFO]	2023-05-22T19:29:45.467306835 <Logger>: New logger thread has been created.
[INFO]	2023-05-22T19:29:53.732708231 <Logger>: New logger thread has been created.
[INFO]	2023-05-22T19:30:01.725077235 <Logger>: New logger thread has been created.
[INFO]	2023-05-22T19:30:33.650573961 <Logger>: New logger thread has been created.
[INFO]	2023-05-22T20:01:20.544949515 <Logger>: New logger thread has been created.
[INFO]	2023-05-22T20:01:29.787003868 <Logger>: New logger thread has been created.
[INFO]	2023-05-22T20:02:57.083871788 <Logger>: New logger thread has been created.
[INFO]	2023-05-22T20:03:06.041100529 <Logger>: New logger thread has been created.
[INFO]	2023-05-22T20:03:24.164147458 <Logger>: New logger thread has been created.
[INFO]	2023-05-22T20:13:29.191475835 <Logger>: New logger thread has been created.
[INFO]	2023-05-22T20:13:48.786388302 <Logger>: New logger thread has been created.
[INFO]	2023-05-22T20:13:58.263827491 <Logger>: New logger thread has been created.
[INFO]	2023-05-22T20:14:32.440277171 <Logger>: New logger thread has been created.
[INFO]	2023-05-22T20:15:20.184139884 <Logger>: New logger thread has been created.
[INFO]	2023-05-22T20:18:49.774673706 <Logger>: New logger thread has been created.
[INFO]	2023-05-22T20:19:41.580840402 <Logger>: New logger thread has been created.
[INFO]	2023-05-22T20:21:45.095404642 <Logger>: New logger thread has been created.
[INFO]	2023-05-22T20:22:01.722792360 <Logger>: New logger thread has been created.
[INFO]	2023-05-22T20:23:31.494297861 <Logger>: New logger thread has been created.
[INFO]	2023-05-22T20:23:53.133945759 <Logger>: New logger thread has been created.
[INFO]	2023-05-22T20:24:35.577107924 <Logger>: New logger thread has been created.
[INFO]	2023-05-22T20:33:02.106967642 <Logger>: New logger thread has been created.
[INFO]	2023-05-22T20:33:08.891856633 <Logger>: New logger thread has been created.
[INFO]	2023-05-22T20:35:59.316635964 <Logger>: New logger thread has been created.
[INFO]	2023-05-22T20:36:09.245832202 <Logger>: New logger thread has been created.
[INFO]	2023-05-22T20:36:41.557065405 <Logger>: New logger thread has been created.
[INFO]	2023-05-22T20:36:48.259065063 <Logger>: New logger thread has been created.
[INFO]	2023-05-22T20:36:53.094602743 <Logger>: New logger thread has been created.
[INFO]	2023-05-22T20:36:59.413482208 <Logger>: New logger thread has been created.
[INFO]	2023-05-22T20:37:06.333557792 <Logger>: New logger thread has been created.
[INFO]	2023-05-22T20:40:25.478818191 <Logger>: New logger thread has been created.
[INFO]	2023-05-22T20:40:30.325005189 <Logger>: New logger thread has been created.
[INFO]	2023-05-22T20:43:19.274761047 <Logger>: New logger thread has been created.
[INFO]	2023-05-22T20:43:35.737633380 <Logger>: New logger thread has been created.
[INFO]	2023-05-22T20:43:58.197429131 <Logger>: New logger thread has been created.
[INFO]	2023-05-22T20:44:14.487749820 <Logger>: New logger thread has been created.
[INFO]	2023-05-22T20:44:17.627389801 <Logger>: New logger thread has been created.
[INFO]	2023-05-22T20:45:19.804800292 <Logger>: New logger thread has been created.
[INFO]	2023-05-22T20:45:52.636688710 <Logger>: New logger thread has been created.
[INFO]	2023-05-22T20:48:15.256954002 <Logger>: New logger thread has been created.
[INFO]	2023-05-22T20:48:31.876121178 <Logger>: New logger thread has been created.
[INFO]	2023-05-22T20:48:48.325785861 <Logger>: New logger thread has been created.
[INFO]	2023-05-22T20:50:41.120673707 <Logger>: New logger thread has been created.
[INFO]	2023-05-22T20:51:06.347315100 <Logger>: New logger thread has been created.
[INFO]	2023-05-22T20:52:27.716695625 <Logger>: New logger thread has been created.
[INFO]	2023-05-22T20:52:39.903121686 <Logger>: New logger thread has been created.
[INFO]	2023-05-22T20:53:10.567860170 <Logger>: New logger thread has been created.
[INFO]	2023-05-22T20:53:43.508304761 <Logger>: New logger thread has been created.
[INFO]	2023-05-22T20:55:03.517150671 <Logger>: New logger thread has been created.
[INFO]	2023-05-22T20:55:34.704871690 <Logger>: New logger thread has been created.
[INFO]	2023-05-22T20:56:55.095074251 <Logger>: New logger thread has been created.
[INFO]	2023-05-22T20:57:18.094811511 <Logger>: New logger thread has been created.
[INFO]	2023-05-22T20:57:47.739875725 <Logger>: New logger thread has been created.
[INFO]	2023-05-22T20:57:59.372948899 <Logger>: New logger thread has been created.
[INFO]	2023-05-22T20:58:15.581315300 <Logger>: New logger thread has been created.
[INFO]	2023-05-22T20:58:23.432758384 <Logger>: New logger thread has been created.
[INFO]	2023-05-22T20:58:29.225317460 <Logger>: New logger thread has been created.
[INFO]	2023-05-22T20:59:49.519242832 <Logger>: New logger thread has been created.
[INFO]	2023-05-22T21:00:09.168806850 <Logger>: New logger thread has been created.
[INFO]	2023-05-22T21:00:26.137669687 <Logger>: New logger thread has been created.
[INFO]	2023-05-22T21:00:29.275257255 <Logger>: New logger thread has been created.
[INFO]	2023-05-22T21:04:57.062525988 <Logger>: New logger thread has been created.
[INFO]	2023-05-22T21:07:23.535757903 <EditSaveData>: Loading save data #1.
[INFO]	2023-05-22T21:07:26.658248585 <EditSaveData>: Loading template save data.
[INFO]	2023-05-22T21:07:29.934357565 <Logger>: New logger thread has been created.
[INFO]	2023-05-22T21:09:22.178762253 <Logger>: New logger thread has been created.
[INFO]	2023-05-22T21:11:25.594876432 <Logger>: New logger thread has been created.
[INFO]	2023-05-22T21:12:01.902838991 <Logger>: New logger thread has been created.
[INFO]	2023-05-22T21:12:51.085341303 <Logger>: New logger thread has been created.
[INFO]	2023-05-22T21:13:27.530566333 <Logger>: New logger thread has been created.
[INFO]	2023-05-22T21:30:42.554307804 <Logger>: New logger thread has been created.
[INFO]	2023-05-22T21:30:45.149265745 <Logger>: New logger thread has been created.
[INFO]	2023-05-22T21:31:03.142092411 <Logger>: New logger thread has been created.
[INFO]	2023-05-22T21:37:42.285544952 <Logger>: New logger thread has been created.
[INFO]	2023-05-22T21:37:45.151751506 <Logger>: New logger thread has been created.
[INFO]	2023-05-22T21:37:51.893158470 <Logger>: New logger thread has been created.
[INFO]	2023-05-22T21:38:56.166016992 <Logger>: New logger thread has been created.
[INFO]	2023-05-22T21:38:58.098483804 <Logger>: New logger thread has been created.
[INFO]	2023-05-22T21:39:49.831481230 <Logger>: New logger thread has been created.
[INFO]	2023-05-22T21:39:55.429104065 <Logger>: New logger thread has been created.
[INFO]	2023-05-22T21:49:10.710053170 <Logger>: New logger thread has been created.
[INFO]	2023-05-22T21:49:50.018530693 <Logger>: New logger thread has been created.
[INFO]	2023-05-22T21:52:00.082998399 <Logger>: New logger thread has been created.
[INFO]	2023-05-22T21:52:05.940705114 <Logger>: New logger thread has been created.
[INFO]	2023-05-22T21:52:24.406658897 <Logger>: New logger thread has been created.
[INFO]	2023-05-22T21:52:45.235704769 <Logger>: New logger thread has been created.
[INFO]	2023-05-22T21:53:38.137081822 <Logger>: New logger thread has been created.
[INFO]	2023-05-22T21:53:52.264978519 <Logger>: New logger thread has been created.
[INFO]	2023-05-22T23:59:27.987446172 <Logger>: New logger thread has been created.
[INFO]	2023-05-22T23:59:33.310419505 <Logger>: New logger thread has been created.
[INFO]	2023-05-22T23:59:52.181395129 <Logger>: New logger thread has been created.
[INFO]	2023-05-22T23:59:57.995509727 <Logger>: New logger thread has been created.
[INFO]	2023-05-23T00:27:33.339834973 <Logger>: New logger thread has been created.
[INFO]	2023-05-23T00:27:47.626651828 <Logger>: New logger thread has been created.
[INFO]	2023-05-23T00:27:52.662995294 <EditSaveData>: Loading save data #1.
[INFO]	2023-05-23T00:27:54.525761286 <EditSaveData>: Loading template save data.
[INFO]	2023-05-23T00:27:57.615649204 <EditSaveData>: Loading save data #1.
[INFO]	2023-05-23T00:27:58.650790600 <EditSaveData>: Loading template save data.
[INFO]	2023-05-23T00:28:04.692221656 <Logger>: New logger thread has been created.
[INFO]	2023-05-23T00:28:09.408810100 <Logger>: New logger thread has been created.
[INFO]	2023-05-23T00:29:07.338181555 <Logger>: New logger thread has been created.
[INFO]	2023-05-23T00:29:13.281504510 <Logger>: New logger thread has been created.
[INFO]	2023-05-23T00:29:29.445895759 <Logger>: New logger thread has been created.
[INFO]	2023-05-23T00:29:33.074548515 <Logger>: New logger thread has been created.
[INFO]	2023-05-23T00:31:03.488389468 <Logger>: New logger thread has been created.
[INFO]	2023-05-23T00:31:07.960524673 <Logger>: New logger thread has been created.
[INFO]	2023-05-23T00:31:18.908040815 <EditSaveData>: Loading save data #1.
[INFO]	2023-05-23T00:31:25.043065089 <Logger>: New logger thread has been created.
[INFO]	2023-05-23T00:31:33.834228711 <Logger>: New logger thread has been created.
[INFO]	2023-05-23T00:36:11.886837852 <Logger>: New logger thread has been created.
[INFO]	2023-05-23T00:36:50.562483366 <Logger>: New logger thread has been created.
[INFO]	2023-05-23T00:37:07.281611943 <Logger>: New logger thread has been created.
[INFO]	2023-05-23T00:39:57.336598857 <Logger>: New logger thread has been created.
[INFO]	2023-05-23T00:42:05.149480595 <Logger>: New logger thread has been created.
[INFO]	2023-05-23T00:42:11.287601089 <Logger>: New logger thread has been created.
[INFO]	2023-05-23T00:44:12.176823584 <Logger>: New logger thread has been created.
[INFO]	2023-05-23T00:44:27.535162269 <Logger>: New logger thread has been created.
[INFO]	2023-05-23T00:44:41.303608081 <Logger>: New logger thread has been created.
[INFO]	2023-05-23T00:45:49.072782379 <Logger>: New logger thread has been created.
[INFO]	2023-05-23T00:46:04.734865315 <Logger>: New logger thread has been created.
[INFO]	2023-05-23T00:49:42.694037941 <Logger>: New logger thread has been created.
[INFO]	2023-05-23T00:49:56.262694791 <Logger>: New logger thread has been created.
[INFO]	2023-05-23T00:50:57.551506768 <Logger>: New logger thread has been created.
[INFO]	2023-05-23T00:51:27.718849721 <Logger>: New logger thread has been created.
[INFO]	2023-05-23T00:52:00.326627077 <Logger>: New logger thread has been created.
[INFO]	2023-05-23T00:52:19.663779541 <Logger>: New logger thread has been created.
[INFO]	2023-05-23T00:52:58.071151194 <Logger>: New logger thread has been created.
[INFO]	2023-05-23T00:53:00.967004217 <Logger>: New logger thread has been created.
[INFO]	2023-05-23T00:53:24.324368764 <Logger>: New logger thread has been created.
[INFO]	2023-05-23T00:53:28.648332884 <Logger>: New logger thread has been created.
[INFO]	2023-05-23T00:55:47.425311400 <Logger>: New logger thread has been created.
[INFO]	2023-05-23T00:55:59.057285480 <Logger>: New logger thread has been created.
[INFO]	2023-05-23T01:38:18.859249419 <Logger>: New logger thread has been created.
[INFO]	2023-05-23T01:38:34.445933340 <Logger>: New logger thread has been created.
[INFO]	2023-05-23T01:39:22.136807013 <Logger>: New logger thread has been created.
[INFO]	2023-05-23T01:39:26.521137230 <Logger>: New logger thread has been created.
[INFO]	2023-05-23T01:40:24.760221147 <Logger>: New logger thread has been created.
[INFO]	2023-05-23T11:41:56.713939997 <Logger>: New logger thread has been created.
[INFO]	2023-05-23T11:43:07.877467358 <Logger>: New logger thread has been created.
[INFO]	2023-05-23T12:28:46.689856841 <Logger>: New logger thread has been created.
[INFO]	2023-05-23T12:29:10.667078396 <Logger>: New logger thread has been created.
[INFO]	2023-05-23T12:35:18.227307267 <Logger>: New logger thread has been created.
[INFO]	2023-05-23T12:35:51.071137885 <Logger>: New logger thread has been created.
[INFO]	2023-05-23T13:51:24.417199024 <Logger>: New logger thread has been created.
[INFO]	2023-05-23T13:52:28.769655928 <Logger>: New logger thread has been created.
[INFO]	2023-05-23T13:52:37.159930042 <Logger>: New logger thread has been created.
[INFO]	2023-05-23T13:52:44.323916294 <Logger>: New logger thread has been created.
[INFO]	2023-05-23T13:57:16.710338981 <Logger>: New logger thread has been created.
[INFO]	2023-05-23T13:58:17.634253289 <Logger>: New logger thread has been created.
[INFO]	2023-05-23T13:58:21.414370887 <Logger>: New logger thread has been created.
[INFO]	2023-05-23T16:07:53.754131428 <Logger>: New logger thread has been created.
[INFO]	2023-05-23T16:08:10.978954156 <Logger>: New logger thread has been created.
[INFO]	2023-05-23T16:08:25.880078760 <Logger>: New logger thread has been created.
[INFO]	2023-05-23T16:08:31.576296545 <EditSaveData>: Loading save data #1.
[INFO]	2023-05-23T16:08:32.582707669 <EditSaveData>: Loading save data #2.
[INFO]	2023-05-23T16:08:33.733642738 <EditSaveData>: Loading template save data.
[INFO]	2023-05-23T16:12:36.108440243 <Logger>: New logger thread has been created.
[INFO]	2023-05-23T16:16:59.409033252 <Logger>: New logger thread has been created.
[INFO]	2023-05-23T16:17:28.798088414 <Logger>: New logger thread has been created.
[INFO]	2023-05-23T16:17:35.585261897 <Logger>: New logger thread has been created.
[INFO]	2023-05-23T16:17:53.320798838 <Logger>: New logger thread has been created.
[INFO]	2023-05-23T16:20:31.348398312 <Logger>: New logger thread has been created.
[INFO]	2023-05-23T16:23:48.623374057 <Logger>: New logger thread has been created.
[INFO]	2023-05-23T16:24:04.428574897 <Logger>: New logger thread has been created.
[INFO]	2023-05-23T16:26:29.796741417 <Logger>: New logger thread has been created.
[INFO]	2023-05-23T16:28:52.577884604 <Logger>: New logger thread has been created.
[INFO]	2023-05-23T16:43:22.467960891 <Logger>: New logger thread has been created.
[INFO]	2023-05-23T16:47:35.077326955 <Logger>: New logger thread has been created.
[INFO]	2023-05-23T16:48:51.543851159 <Logger>: New logger thread has been created.
[INFO]	2023-05-23T16:49:10.329707398 <Logger>: New logger thread has been created.
[INFO]	2023-05-23T16:49:32.294649835 <Logger>: New logger thread has been created.
[INFO]	2023-05-23T16:50:15.056819579 <Logger>: New logger thread has been created.
[INFO]	2023-05-23T16:50:58.638667412 <Logger>: New logger thread has been created.
[INFO]	2023-05-23T16:58:00.533834905 <Logger>: New logger thread has been created.
[INFO]	2023-05-23T16:58:03.397097251 <Logger>: New logger thread has been created.
[INFO]	2023-05-23T22:55:26.316496658 <Logger>: New logger thread has been created.
[INFO]	2023-05-23T22:55:57.632976252 <Logger>: New logger thread has been created.
[INFO]	2023-05-24T01:08:21.706413327 <Logger>: New logger thread has been created.
[INFO]	2023-05-24T01:08:24.864116052 <Logger>: New logger thread has been created.
[INFO]	2023-05-24T01:08:41.034773679 <Logger>: New logger thread has been created.
[INFO]	2023-05-24T01:08:51.865396606 <Logger>: New logger thread has been created.
[INFO]	2023-05-24T01:09:19.042599759 <Logger>: New logger thread has been created.
[INFO]	2023-05-24T01:46:36.932387894 <Logger>: New logger thread has been created.
[INFO]	2023-05-24T01:46:43.312689733 <Logger>: New logger thread has been created.
[INFO]	2023-05-24T01:52:11.643739673 <Logger>: New logger thread has been created.
[INFO]	2023-05-24T01:52:50.050494508 <Logger>: New logger thread has been created.
[INFO]	2023-05-24T01:54:26.474056094 <Logger>: New logger thread has been created.
[INFO]	2023-05-24T01:55:04.620190107 <Logger>: New logger thread has been created.
[INFO]	2023-05-24T01:55:51.438010310 <Logger>: New logger thread has been created.
[INFO]	2023-05-24T02:04:57.024516474 <Logger>: New logger thread has been created.
[INFO]	2023-05-24T02:05:03.871414826 <Logger>: New logger thread has been created.
[INFO]	2023-05-24T02:05:30.769268404 <Logger>: New logger thread has been created.
[INFO]	2023-05-24T02:06:08.521137235 <Logger>: New logger thread has been created.
[INFO]	2023-05-24T02:06:22.091880669 <Logger>: New logger thread has been created.
[INFO]	2023-05-24T10:07:42.675536563 <Logger>: New logger thread has been created.
[INFO]	2023-05-24T10:08:43.321456922 <Logger>: New logger thread has been created.
[INFO]	2023-05-24T10:08:59.769943188 <Logger>: New logger thread has been created.
[INFO]	2023-05-24T10:11:17.513475092 <Logger>: New logger thread has been created.
[INFO]	2023-05-24T10:11:21.427712610 <Logger>: New logger thread has been created.
[INFO]	2023-05-24T10:11:28.616334258 <Logger>: New logger thread has been created.
[INFO]	2023-05-24T10:12:57.905703203 <Logger>: New logger thread has been created.
[INFO]	2023-05-24T10:13:02.419693530 <Logger>: New logger thread has been created.
[INFO]	2023-05-24T10:13:05.179555209 <Logger>: New logger thread has been created.
[INFO]	2023-05-24T10:14:00.244355156 <Logger>: New logger thread has been created.
[INFO]	2023-05-24T10:14:04.286097454 <Logger>: New logger thread has been created.
[INFO]	2023-05-24T10:16:44.096150268 <Logger>: New logger thread has been created.
[INFO]	2023-05-24T10:17:57.496880540 <Logger>: New logger thread has been created.
[INFO]	2023-05-24T10:18:07.200207916 <Logger>: New logger thread has been created.
[INFO]	2023-05-24T10:18:10.374346748 <Logger>: New logger thread has been created.
[INFO]	2023-05-24T10:18:58.182349903 <Logger>: New logger thread has been created.
[INFO]	2023-05-24T10:20:22.915015753 <Logger>: New logger thread has been created.
[INFO]	2023-05-24T10:21:40.929900610 <Logger>: New logger thread has been created.
[INFO]	2023-05-24T10:22:51.156231783 <Logger>: New logger thread has been created.
[INFO]	2023-05-24T10:23:42.188467022 <Logger>: New logger thread has been created.
[INFO]	2023-05-24T10:23:46.816853424 <EditSaveData>: Loading save data #1.
[INFO]	2023-05-24T10:23:51.618926544 <Logger>: New logger thread has been created.
[INFO]	2023-05-24T10:27:14.900318202 <Logger>: New logger thread has been created.
[INFO]	2023-05-24T10:27:33.826843676 <Logger>: New logger thread has been created.
[INFO]	2023-05-24T10:27:55.029594555 <Logger>: New logger thread has been created.
[INFO]	2023-05-24T10:28:06.358480151 <Logger>: New logger thread has been created.
[INFO]	2023-05-24T10:28:50.092425617 <Logger>: New logger thread has been created.
[INFO]	2023-05-24T10:29:01.588025660 <Logger>: New logger thread has been created.
[INFO]	2023-05-24T10:33:01.182302814 <Logger>: New logger thread has been created.
[INFO]	2023-05-24T10:33:39.295950194 <Logger>: New logger thread has been created.
[INFO]	2023-05-24T10:33:46.773670040 <EditSaveData>: Loading save data #1.
[INFO]	2023-05-24T10:33:53.134876916 <Logger>: New logger thread has been created.
[INFO]	2023-05-24T11:08:06.578327566 <Logger>: New logger thread has been created.
[INFO]	2023-05-24T11:08:55.913198235 <Logger>: New logger thread has been created.
[INFO]	2023-05-24T11:10:02.137041849 <Logger>: New logger thread has been created.
[INFO]	2023-05-24T11:15:53.108839946 <Logger>: New logger thread has been created.
[INFO]	2023-05-24T11:16:24.761032025 <Logger>: New logger thread has been created.
[INFO]	2023-05-24T11:23:03.202160252 <Logger>: New logger thread has been created.
[INFO]	2023-05-24T11:23:32.827822555 <Logger>: New logger thread has been created.
[INFO]	2023-05-24T11:24:42.024165366 <Logger>: New logger thread has been created.
[INFO]	2023-05-24T11:25:13.239417625 <Logger>: New logger thread has been created.
[INFO]	2023-05-24T11:26:25.490795726 <Logger>: New logger thread has been created.
[INFO]	2023-05-24T11:27:13.085681672 <Logger>: New logger thread has been created.
[INFO]	2023-05-24T11:27:14.907565343 <Logger>: New logger thread has been created.
[INFO]	2023-05-24T11:27:33.704570117 <Logger>: New logger thread has been created.
[INFO]	2023-05-24T11:34:22.392715662 <Logger>: New logger thread has been created.
[INFO]	2023-05-24T11:34:45.625178759 <Logger>: New logger thread has been created.
[INFO]	2023-05-24T11:38:37.806364244 <Logger>: New logger thread has been created.
[INFO]	2023-05-24T11:39:01.968042747 <Logger>: New logger thread has been created.
[INFO]	2023-05-24T11:44:29.797086421 <Logger>: New logger thread has been created.
[INFO]	2023-05-24T11:45:09.558221986 <Logger>: New logger thread has been created.
[INFO]	2023-05-24T12:02:13.847436039 <Logger>: New logger thread has been created.
[INFO]	2023-05-24T12:02:18.253458043 <Logger>: New logger thread has been created.
[INFO]	2023-05-24T12:03:05.779942717 <Logger>: New logger thread has been created.
[INFO]	2023-05-24T12:04:14.152095549 <Logger>: New logger thread has been created.
[INFO]	2023-05-24T12:04:38.442763134 <Logger>: New logger thread has been created.
[INFO]	2023-05-24T12:06:39.400096418 <Logger>: New logger thread has been created.
[INFO]	2023-05-24T12:06:42.284857235 <Logger>: New logger thread has been created.
[INFO]	2023-05-24T12:06:54.252392938 <Logger>: New logger thread has been created.
[INFO]	2023-05-24T12:07:56.041320052 <Logger>: New logger thread has been created.
[INFO]	2023-05-24T12:08:19.593640641 <Logger>: New logger thread has been created.
[INFO]	2023-05-24T12:09:33.317050291 <Logger>: New logger thread has been created.
[INFO]	2023-05-24T12:12:46.102780427 <Logger>: New logger thread has been created.
[INFO]	2023-05-24T12:14:23.779734465 <Logger>: New logger thread has been created.
[INFO]	2023-05-24T12:14:27.648464995 <Logger>: New logger thread has been created.
[INFO]	2023-05-24T12:15:17.763057215 <Logger>: New logger thread has been created.
[INFO]	2023-05-24T12:15:35.923006442 <Logger>: New logger thread has been created.
[INFO]	2023-05-24T12:20:23.529808383 <Logger>: New logger thread has been created.
[INFO]	2023-05-24T12:20:46.777248941 <Logger>: New logger thread has been created.
[INFO]	2023-05-24T12:23:17.916488572 <Logger>: New logger thread has been created.
[INFO]	2023-05-24T12:23:51.027823309 <Logger>: New logger thread has been created.
[INFO]	2023-05-24T12:26:31.314225495 <Logger>: New logger thread has been created.
[INFO]	2023-05-24T12:28:04.805330364 <Logger>: New logger thread has been created.
[INFO]	2023-05-24T12:29:17.973017141 <Logger>: New logger thread has been created.
[INFO]	2023-05-24T12:30:32.231168014 <Logger>: New logger thread has been created.
[INFO]	2023-05-24T12:32:05.372481389 <Logger>: New logger thread has been created.
[INFO]	2023-05-24T12:32:20.009338494 <Logger>: New logger thread has been created.
[INFO]	2023-05-24T12:33:29.334242967 <Logger>: New logger thread has been created.
[INFO]	2023-05-24T12:33:42.822950312 <Logger>: New logger thread has been created.
[INFO]	2023-05-24T12:36:35.173472685 <Logger>: New logger thread has been created.
[INFO]	2023-05-24T12:54:26.550558217 <Logger>: New logger thread has been created.
[INFO]	2023-05-24T12:54:30.218428245 <EditSaveData>: Loading save data #1.
[INFO]	2023-05-24T12:54:31.383390750 <EditSaveData>: Loading template save data.
[INFO]	2023-05-24T12:54:51.752862115 <EditSaveData>: Loading save data #1.
[INFO]	2023-05-24T12:55:01.536397334 <EditSaveData>: Loading template save data.
[INFO]	2023-05-24T12:55:13.316549970 <EditSaveData>: Loading save data #1.
[INFO]	2023-05-24T12:55:19.881120251 <EditSaveData>: Loading template save data.
[INFO]	2023-05-24T12:55:26.414906772 <EditSaveData>: Loading save data #1.
[INFO]	2023-05-24T12:55:32.762077084 <EditSaveData>: Loading template save data.
[INFO]	2023-05-24T12:55:47.441996973 <Logger>: New logger thread has been created.
[INFO]	2023-05-24T12:58:23.309348138 <Logger>: New logger thread has been created.
[INFO]	2023-05-24T12:58:28.880242039 <Logger>: New logger thread has been created.
[INFO]	2023-05-24T12:59:17.836573458 <Logger>: New logger thread has been created.
[INFO]	2023-05-24T12:59:22.080191189 <Logger>: New logger thread has been created.
[INFO]	2023-05-24T13:37:50.128373392 <Logger>: New logger thread has been created.
[INFO]	2023-05-24T13:39:13.946456473 <Logger>: New logger thread has been created.
[INFO]	2023-05-24T13:45:21.800164200 <Logger>: New logger thread has been created.
[INFO]	2023-05-24T13:52:10.008875446 <Logger>: New logger thread has been created.
[INFO]	2023-05-24T13:52:20.667964393 <EditSaveData>: Creating save data #2.
[INFO]	2023-05-24T13:52:23.681433491 <EditSaveData>: Loading template save data.
[INFO]	2023-05-24T13:52:26.021682831 <EditSaveData>: Loading save data #2.
[INFO]	2023-05-24T13:52:27.739487833 <EditSaveData>: Loading save data #1.
[INFO]	2023-05-24T13:52:29.205531391 <EditSaveData>: Loading template save data.
[INFO]	2023-05-24T13:52:36.162449070 <EditSaveData>: Loading save data #1.
[INFO]	2023-05-24T13:52:56.590817602 <Logger>: New logger thread has been created.
[INFO]	2023-05-24T13:55:59.876325470 <Logger>: New logger thread has been created.
[INFO]	2023-05-24T13:56:09.433715652 <Logger>: New logger thread has been created.
[INFO]	2023-05-24T13:56:22.889230782 <Logger>: New logger thread has been created.
[INFO]	2023-05-24T13:56:44.337966642 <Logger>: New logger thread has been created.
[INFO]	2023-05-24T13:56:49.947273574 <Logger>: New logger thread has been created.
[INFO]	2023-05-24T13:57:13.649108083 <Logger>: New logger thread has been created.
[INFO]	2023-05-24T13:58:16.241244026 <Logger>: New logger thread has been created.
[INFO]	2023-05-24T13:59:23.032132110 <Logger>: New logger thread has been created.
[INFO]	2023-05-24T14:02:01.031472679 <Logger>: New logger thread has been created.
[INFO]	2023-05-24T14:02:39.013089457 <Logger>: New logger thread has been created.
[INFO]	2023-05-24T14:03:14.615856906 <Logger>: New logger thread has been created.
[INFO]	2023-05-24T14:06:05.195152365 <Logger>: New logger thread has been created.
[INFO]	2023-05-24T14:18:36.254142978 <Logger>: New logger thread has been created.
[INFO]	2023-05-24T19:03:29.741717249 <Logger>: New logger thread has been created.
[INFO]	2023-05-24T19:04:03.321692305 <Logger>: New logger thread has been created.
[INFO]	2023-05-24T19:04:41.734460742 <Logger>: New logger thread has been created.
[INFO]	2023-05-24T22:33:52.283033697 <Logger>: New logger thread has been created.
[INFO]	2023-05-24T22:34:04.968538591 <Logger>: New logger thread has been created.
[INFO]	2023-05-24T22:42:15.169212365 <Logger>: New logger thread has been created.
[INFO]	2023-05-24T22:42:36.323852433 <Logger>: New logger thread has been created.
[INFO]	2023-05-24T22:46:57.324470081 <Logger>: New logger thread has been created.
[INFO]	2023-05-24T22:47:35.576348251 <Logger>: New logger thread has been created.
[INFO]	2023-05-24T23:31:16.204094881 <Logger>: New logger thread has been created.
[INFO]	2023-05-24T23:31:33.032354615 <Logger>: New logger thread has been created.
[INFO]	2023-05-25T00:12:51.680856525 <Logger>: New logger thread has been created.
[INFO]	2023-05-25T00:13:00.530064534 <Logger>: New logger thread has been created.
